<?xml version="1.0" encoding="UTF-8"?>
<!-- Generated by org.testng.reporters.JUnitXMLReporter -->
<testsuite ignored="0" hostname="LAPTOP-J2EHUA6C" failures="0" tests="8" name="Practice_Framework" time="54.54" errors="0" timestamp="2023-10-08T15:10:47 EDT">
  <testcase classname="com.qa.rediff.TestCases.LoginTest" name="verifyLoginWithValidCredentials" time="3.351"/>
  <testcase classname="com.qa.rediff.TestCases.LoginTest" name="verifyLoginWithValidCredentials" time="3.503"/>
  <testcase classname="com.qa.rediff.TestCases.LoginTest" name="verifyLoginWithValidCredentials" time="5.236"/>
  <testcase classname="com.qa.rediff.TestCases.LoginTest" name="verifyLoginWithValidCredentials" time="5.678"/>
  <testcase classname="com.qa.rediff.TestCases.LoginTest" name="verifyLoginWithValidEmailInvalidPassword" time="0.692"/>
  <testcase classname="com.qa.rediff.TestCases.LoginTest" name="verifyLoginWithInvalidEmailValidPassword" time="0.597"/>
  <testcase classname="com.qa.rediff.TestCases.LoginTest" name="verifyLoginWithInvalidCredentials" time="1.287"/>
  <testcase classname="com.qa.rediff.TestCases.LoginTest" name="verifyLoginWithNoCredentials" time="0.105"/>
</testsuite> <!-- Practice_Framework -->
